<?xml version="1.0" encoding="UTF-8"?>
<!-- Generated by org.testng.reporters.JUnitXMLReporter -->
<testsuite ignored="0" hostname="LAPTOP-3N9MTLMM" failures="1" tests="2" name="Test" time="32.199" errors="0" timestamp="2020-12-25T12:50:08 IST">
  <testcase classname="sample.testing" name="rahul" time="15.539"/>
  <testcase classname="sample.validate" name="rahul" time="14.045">
    <failure type="java.lang.AssertionError" message="expected [FEATURED CO123URSES] but found [FEATURED COURSES]">
      <![CDATA[java.lang.AssertionError: expected [FEATURED CO123URSES] but found [FEATURED COURSES]
at sample.validate.rahul(validate.java:17)
at java.base/java.util.ArrayList.forEach(ArrayList.java:1511)
... Removed 33 stack frames]]>
    </failure>
  </testcase> <!-- rahul -->
</testsuite> <!-- Test -->
